INFO 2026-01-20 17:29:00,120 autoreload 12943 140172847566912 Watching for file changes with StatReloader
INFO 2026-01-20 17:31:22,102 autoreload 12943 140172847566912 /home/shadowcode/Bureau/mangaverse/mangaverseBack/apps/users/urls.py changed, reloading.
INFO 2026-01-20 17:31:23,875 autoreload 13656 140139704492096 Watching for file changes with StatReloader
INFO 2026-01-20 17:31:37,623 autoreload 13656 140139704492096 /home/shadowcode/Bureau/mangaverse/mangaverseBack/apps/webtoon/urls.py changed, reloading.
INFO 2026-01-20 17:31:38,987 autoreload 13769 140559882440768 Watching for file changes with StatReloader
INFO 2026-01-20 17:33:14,842 autoreload 13769 140559882440768 /home/shadowcode/Bureau/mangaverse/mangaverseBack/apps/social/urls.py changed, reloading.
INFO 2026-01-20 17:33:16,207 autoreload 14236 139747931312192 Watching for file changes with StatReloader
INFO 2026-01-20 17:33:21,025 autoreload 14236 139747931312192 /home/shadowcode/Bureau/mangaverse/mangaverseBack/apps/notifications/urls.py changed, reloading.
INFO 2026-01-20 17:33:22,539 autoreload 14301 140004060794944 Watching for file changes with StatReloader
INFO 2026-01-20 17:33:30,553 autoreload 14301 140004060794944 /home/shadowcode/Bureau/mangaverse/mangaverseBack/apps/manga/urls.py changed, reloading.
INFO 2026-01-20 17:33:31,837 autoreload 14367 140080712982592 Watching for file changes with StatReloader
INFO 2026-01-20 17:33:40,880 autoreload 14367 140080712982592 /home/shadowcode/Bureau/mangaverse/mangaverseBack/apps/community/urls.py changed, reloading.
INFO 2026-01-20 17:33:42,343 autoreload 14446 140108302446656 Watching for file changes with StatReloader
INFO 2026-01-20 17:33:48,382 autoreload 14446 140108302446656 /home/shadowcode/Bureau/mangaverse/mangaverseBack/apps/chat/urls.py changed, reloading.
INFO 2026-01-20 17:33:49,711 autoreload 14545 140459944276032 Watching for file changes with StatReloader
INFO 2026-01-20 17:33:53,521 autoreload 14545 140459944276032 /home/shadowcode/Bureau/mangaverse/mangaverseBack/apps/analytics/urls.py changed, reloading.
INFO 2026-01-20 17:33:54,868 autoreload 14583 140324501901376 Watching for file changes with StatReloader
INFO 2026-01-20 17:33:58,660 autoreload 14583 140324501901376 /home/shadowcode/Bureau/mangaverse/mangaverseBack/apps/ai/urls.py changed, reloading.
INFO 2026-01-20 17:34:00,266 autoreload 14627 140652372406336 Watching for file changes with StatReloader
INFO 2026-01-20 17:34:14,601 autoreload 14627 140652372406336 /home/shadowcode/Bureau/mangaverse/mangaverseBack/apps/creation/urls.py changed, reloading.
INFO 2026-01-20 17:34:16,910 autoreload 14715 140480289706048 Watching for file changes with StatReloader
INFO 2026-01-20 17:34:24,895 autoreload 14715 140480289706048 /home/shadowcode/Bureau/mangaverse/mangaverseBack/apps/gamification/urls.py changed, reloading.
INFO 2026-01-20 17:34:26,147 autoreload 14833 140160731127872 Watching for file changes with StatReloader
INFO 2026-01-20 17:34:35,207 autoreload 14833 140160731127872 /home/shadowcode/Bureau/mangaverse/mangaverseBack/apps/nft/urls.py changed, reloading.
INFO 2026-01-20 17:34:36,471 autoreload 14919 140286986272832 Watching for file changes with StatReloader
INFO 2026-01-20 17:34:43,440 autoreload 14919 140286986272832 /home/shadowcode/Bureau/mangaverse/mangaverseBack/apps/moderation/urls.py changed, reloading.
INFO 2026-01-20 17:34:44,653 autoreload 14993 140498145304640 Watching for file changes with StatReloader
INFO 2026-01-20 17:34:58,906 autoreload 15159 140392372973632 Watching for file changes with StatReloader
INFO 2026-01-20 17:37:09,177 autoreload 16047 139793979338816 Watching for file changes with StatReloader
INFO 2026-01-20 17:39:25,862 autoreload 16047 139793979338816 /home/shadowcode/Bureau/mangaverse/mangaverseBack/apps/core/views.py changed, reloading.
INFO 2026-01-20 17:39:37,729 autoreload 16822 140656252096576 Watching for file changes with StatReloader
INFO 2026-01-20 17:39:52,791 autoreload 17126 139799516721216 Watching for file changes with StatReloader
INFO 2026-01-20 17:42:33,782 autoreload 18082 140281154187328 Watching for file changes with StatReloader
INFO 2026-01-20 17:44:37,475 autoreload 18082 140281154187328 /home/shadowcode/Bureau/mangaverse/mangaverseBack/mangaverseBack/settings/base.py changed, reloading.
INFO 2026-01-20 17:44:39,340 autoreload 18671 140179678740544 Watching for file changes with StatReloader
INFO 2026-01-20 17:44:54,358 basehttp 18671 140179555915456 "GET /admin/ HTTP/1.1" 302 0
ERROR 2026-01-20 17:44:56,460 basehttp 18671 140179555915456 "GET /admin/login/?next=/admin/ HTTP/1.1" 500 270944
INFO 2026-01-20 17:44:56,615 basehttp 18671 140179555915456 "GET /static/debug_toolbar/css/toolbar.css HTTP/1.1" 200 30101
INFO 2026-01-20 17:44:56,618 basehttp 18671 140179475003072 "GET /static/debug_toolbar/js/toolbar.js HTTP/1.1" 200 14879
INFO 2026-01-20 17:44:56,673 basehttp 18671 140179466610368 "GET /static/debug_toolbar/css/print.css HTTP/1.1" 200 43
INFO 2026-01-20 17:44:58,635 basehttp 18671 140179466610368 "GET /static/debug_toolbar/js/utils.js HTTP/1.1" 200 4700
WARNING 2026-01-20 17:45:13,571 basehttp 18671 140179466610368 "GET /favicon.ico HTTP/1.1" 404 19866
WARNING 2026-01-20 17:45:19,337 basehttp 18671 140179466610368 "GET / HTTP/1.1" 404 19803
INFO 2026-01-20 17:45:36,542 basehttp 18671 140179466610368 "GET /admin/ HTTP/1.1" 302 0
ERROR 2026-01-20 17:45:37,025 basehttp 18671 140179466610368 "GET /admin/login/?next=/admin/ HTTP/1.1" 500 270939
INFO 2026-01-20 17:56:33,309 autoreload 23185 140371856523328 Watching for file changes with StatReloader
INFO 2026-01-20 17:56:42,338 basehttp 23185 140371666572992 "GET /admin/login/?next=/admin/ HTTP/1.1" 200 18974
INFO 2026-01-20 17:56:42,834 basehttp 23185 140371666572992 "GET /static/admin/css/dark_mode.css HTTP/1.1" 200 2682
INFO 2026-01-20 17:56:42,948 basehttp 23185 140371653985984 "GET /static/admin/css/nav_sidebar.css HTTP/1.1" 200 2810
INFO 2026-01-20 17:56:42,982 basehttp 23185 140371637200576 "GET /static/admin/css/login.css HTTP/1.1" 200 958
INFO 2026-01-20 17:56:43,014 basehttp 23185 140371666572992 "GET /static/admin/css/responsive.css HTTP/1.1" 200 17905
INFO 2026-01-20 17:56:43,239 basehttp 23185 140371666572992 "GET /static/admin/js/theme.js HTTP/1.1" 200 1943
INFO 2026-01-20 17:56:43,240 basehttp 23185 140371637200576 "GET /static/admin/js/nav_sidebar.js HTTP/1.1" 200 3063
INFO 2026-01-20 17:56:43,246 basehttp 23185 140371645593280 "GET /static/admin/css/base.css HTTP/1.1" 200 21544
WARNING 2026-01-20 17:56:58,802 basehttp 23185 140371645593280 "GET / HTTP/1.1" 404 19804
WARNING 2026-01-20 17:57:09,230 basehttp 23185 140371645593280 "GET /api/v1 HTTP/1.1" 404 19845
ERROR 2026-01-20 17:57:18,473 basehttp 23185 140371645593280 "GET /api/v1/schema/ HTTP/1.1" 500 241501
INFO 2026-01-20 17:59:39,224 basehttp 23185 140371645593280 "GET /api/v1/docs HTTP/1.1" 301 0
ERROR 2026-01-20 17:59:39,622 basehttp 23185 140371666572992 "GET /api/v1/docs/ HTTP/1.1" 500 241527
ERROR 2026-01-20 18:00:00,362 basehttp 23185 140371666572992 "GET /api/v1/schema/ HTTP/1.1" 500 241501
ERROR 2026-01-20 18:01:10,704 basehttp 23185 140371666572992 "GET /api/v1/docs/ HTTP/1.1" 500 241527
INFO 2026-01-20 18:01:16,046 basehttp 23185 140371666572992 "GET /api/v1/redoc HTTP/1.1" 301 0
ERROR 2026-01-20 18:01:16,428 basehttp 23185 140371637200576 "GET /api/v1/redoc/ HTTP/1.1" 500 241522
INFO 2026-01-20 18:03:54,913 autoreload 23185 140371856523328 /home/shadowcode/Bureau/mangaverse/mangaverseBack/apps/core/views.py changed, reloading.
INFO 2026-01-20 18:04:10,594 autoreload 25409 139679920369728 Watching for file changes with StatReloader
ERROR 2026-01-20 18:04:20,320 basehttp 25409 139679718438592 "GET /api/v1/redoc/ HTTP/1.1" 500 241659
ERROR 2026-01-20 18:04:27,879 basehttp 25409 139679718438592 "GET /api/v1/schema/ HTTP/1.1" 500 241501
INFO 2026-01-20 18:05:04,904 autoreload 25409 139679920369728 /home/shadowcode/Bureau/mangaverse/mangaverseBack/mangaverseBack/urls.py changed, reloading.
INFO 2026-01-20 18:05:11,004 autoreload 25875 140385656549440 Watching for file changes with StatReloader
INFO 2026-01-20 18:05:15,792 autoreload 25875 140385656549440 /home/shadowcode/Bureau/mangaverse/mangaverseBack/mangaverseBack/urls.py changed, reloading.
INFO 2026-01-20 18:05:16,962 autoreload 25967 140501832450112 Watching for file changes with StatReloader
INFO 2026-01-20 18:06:25,463 autoreload 25967 140501832450112 /home/shadowcode/Bureau/mangaverse/mangaverseBack/mangaverseBack/urls.py changed, reloading.
INFO 2026-01-20 18:06:27,266 autoreload 26333 140363996553280 Watching for file changes with StatReloader
INFO 2026-01-20 18:08:03,732 autoreload 26918 140409433628736 Watching for file changes with StatReloader
ERROR 2026-01-20 18:08:13,196 basehttp 26918 140409243342528 "GET /api/v1/schema/ HTTP/1.1" 500 236075
INFO 2026-01-20 18:09:52,963 autoreload 26918 140409433628736 /home/shadowcode/Bureau/mangaverse/mangaverseBack/mangaverseBack/settings/base.py changed, reloading.
INFO 2026-01-20 18:09:57,059 autoreload 27544 140300620386368 Watching for file changes with StatReloader
ERROR 2026-01-20 18:10:01,183 basehttp 27544 140300497622720 "GET /api/v1/schema/ HTTP/1.1" 500 206539
INFO 2026-01-20 18:10:10,496 autoreload 27544 140300620386368 /home/shadowcode/Bureau/mangaverse/mangaverseBack/mangaverseBack/settings/base.py changed, reloading.
INFO 2026-01-20 18:10:11,676 autoreload 27705 139635692871744 Watching for file changes with StatReloader
ERROR 2026-01-20 18:10:14,600 basehttp 27705 139635569366720 "GET /api/v1/schema/ HTTP/1.1" 500 236212
INFO 2026-01-20 18:10:26,791 autoreload 27705 139635692871744 /home/shadowcode/Bureau/mangaverse/mangaverseBack/mangaverseBack/settings/base.py changed, reloading.
INFO 2026-01-20 18:10:28,111 autoreload 27810 140428089843776 Watching for file changes with StatReloader
ERROR 2026-01-20 18:10:30,255 basehttp 27810 140427900483264 "GET /api/v1/schema/ HTTP/1.1" 500 206539
ERROR 2026-01-20 18:10:30,649 basehttp 27810 140427900483264 "GET /api/v1/schema/ HTTP/1.1" 500 206539
INFO 2026-01-20 18:12:17,182 autoreload 28572 139760643731520 Watching for file changes with StatReloader
INFO 2026-01-20 18:12:26,352 basehttp 28572 139760450401984 "GET /api/v1/schema/ HTTP/1.1" 200 18892
INFO 2026-01-20 18:12:39,257 basehttp 28572 139760450401984 "GET /api/v1/schema/ HTTP/1.1" 200 18892
INFO 2026-01-20 18:12:52,672 basehttp 28572 139760450401984 "GET /api/v1/docs/ HTTP/1.1" 200 19413
INFO 2026-01-20 18:12:56,325 basehttp 28572 139760450401984 "GET /api/v1/schema/ HTTP/1.1" 200 36535
INFO 2026-01-20 18:17:24,253 basehttp 28572 139760450401984 "GET /api/v1/redoc/ HTTP/1.1" 200 15492
INFO 2026-01-20 18:17:26,225 basehttp 28572 139760450401984 "GET /api/v1/schema/ HTTP/1.1" 200 18892
INFO 2026-01-21 20:41:53,657 autoreload 20042 140693290618944 Watching for file changes with StatReloader
INFO 2026-01-21 21:14:40,299 autoreload 29920 140352845160512 Watching for file changes with StatReloader
INFO 2026-01-21 21:19:10,634 basehttp 29920 140352696612544 "GET /admin/ HTTP/1.1" 302 0
INFO 2026-01-21 21:19:17,985 basehttp 29920 140352696612544 "GET /admin/login/?next=/admin/ HTTP/1.1" 200 18976
INFO 2026-01-21 21:19:20,748 basehttp 29920 140352696612544 "GET /static/admin/css/base.css HTTP/1.1" 304 0
INFO 2026-01-21 21:19:20,918 basehttp 29920 140352696612544 "GET /static/admin/css/login.css HTTP/1.1" 304 0
INFO 2026-01-21 21:19:20,935 basehttp 29920 140352696612544 "GET /static/admin/css/nav_sidebar.css HTTP/1.1" 304 0
INFO 2026-01-21 21:19:20,947 basehttp 29920 140352614823616 "GET /static/admin/css/dark_mode.css HTTP/1.1" 304 0
INFO 2026-01-21 21:19:21,233 basehttp 29920 140352696612544 "GET /static/admin/css/responsive.css HTTP/1.1" 304 0
INFO 2026-01-21 21:19:21,338 basehttp 29920 140352696612544 "GET /static/debug_toolbar/css/toolbar.css HTTP/1.1" 304 0
INFO 2026-01-21 21:19:21,338 basehttp 29920 140352614823616 "GET /static/debug_toolbar/js/toolbar.js HTTP/1.1" 304 0
INFO 2026-01-21 21:19:22,014 basehttp 29920 140352696612544 "GET /static/debug_toolbar/css/print.css HTTP/1.1" 304 0
INFO 2026-01-21 21:19:22,124 basehttp 29920 140352696612544 "GET /static/admin/js/nav_sidebar.js HTTP/1.1" 304 0
INFO 2026-01-21 21:19:22,128 basehttp 29920 140352696612544 "GET /static/admin/js/theme.js HTTP/1.1" 304 0
INFO 2026-01-21 21:19:36,347 basehttp 29920 140352696612544 "GET /static/debug_toolbar/js/utils.js HTTP/1.1" 304 0
WARNING 2026-01-21 21:20:38,531 basehttp 29920 140352696612544 "GET /favicon.ico HTTP/1.1" 404 19868
INFO 2026-01-21 21:21:36,118 basehttp 29920 140352696612544 "GET /api/v1/schema HTTP/1.1" 301 0
INFO 2026-01-21 21:21:51,187 basehttp 29920 140352614823616 "GET /api/v1/schema/ HTTP/1.1" 200 357630
INFO 2026-01-21 21:22:35,455 basehttp 29920 140352614823616 "GET /api/v1/redoc/ HTTP/1.1" 200 15494
INFO 2026-01-21 21:22:51,200 basehttp 29920 140352614823616 "GET /api/v1/schema/ HTTP/1.1" 200 357630
INFO 2026-01-21 21:40:09,101 autoreload 35557 139716112613440 Watching for file changes with StatReloader
WARNING 2026-01-21 21:40:33,192 basehttp 35557 139715890116288 "GET /favicon.ico HTTP/1.1" 404 19868
WARNING 2026-01-21 21:40:33,474 basehttp 35557 139715890116288 "GET /favicon.ico HTTP/1.1" 404 19865
INFO 2026-01-23 00:57:38,773 autoreload 22967 139790500536384 Watching for file changes with StatReloader
WARNING 2026-01-23 00:57:59,264 basehttp 22967 139790351595200 "GET / HTTP/1.1" 404 19805
INFO 2026-01-23 00:57:59,777 basehttp 22967 139790351595200 "GET /static/debug_toolbar/js/toolbar.js HTTP/1.1" 304 0
INFO 2026-01-23 00:58:00,134 basehttp 22967 139790351595200 "GET /static/debug_toolbar/css/print.css HTTP/1.1" 304 0
INFO 2026-01-23 00:58:00,141 basehttp 22967 139790351595200 "GET /static/debug_toolbar/css/toolbar.css HTTP/1.1" 304 0
INFO 2026-01-23 00:58:00,644 basehttp 22967 139790351595200 "GET /static/debug_toolbar/js/utils.js HTTP/1.1" 304 0
WARNING 2026-01-23 00:58:05,685 basehttp 22967 139790351595200 "GET /favicon.ico HTTP/1.1" 404 19866
INFO 2026-01-23 00:58:26,885 basehttp 22967 139790351595200 "GET /api/v1/ai HTTP/1.1" 301 0
INFO 2026-01-23 00:58:29,707 basehttp 22967 139790341105344 "GET /api/v1/ai/ HTTP/1.1" 200 20416
INFO 2026-01-23 00:58:30,079 basehttp 22967 139790330615488 "GET /static/rest_framework/css/prettify.css HTTP/1.1" 200 817
INFO 2026-01-23 00:58:30,332 basehttp 22967 139790351595200 "GET /static/rest_framework/css/bootstrap-tweaks.css HTTP/1.1" 200 3426
INFO 2026-01-23 00:58:30,333 basehttp 22967 139790112519872 "GET /static/rest_framework/css/default.css HTTP/1.1" 200 1152
INFO 2026-01-23 00:58:30,345 basehttp 22967 139790095734464 "GET /static/rest_framework/js/ajax-form.js HTTP/1.1" 200 3796
INFO 2026-01-23 00:58:30,433 basehttp 22967 139790341105344 "GET /static/rest_framework/css/bootstrap.min.css HTTP/1.1" 200 121457
INFO 2026-01-23 00:58:30,457 basehttp 22967 139790104127168 "GET /static/rest_framework/js/jquery-3.7.1.min.js HTTP/1.1" 200 87533
INFO 2026-01-23 00:58:30,681 basehttp 22967 139790330615488 "GET /static/rest_framework/js/csrf.js HTTP/1.1" 200 1793
INFO 2026-01-23 00:58:30,682 basehttp 22967 139790112519872 "GET /static/rest_framework/js/prettify-min.js HTTP/1.1" 200 13632
INFO 2026-01-23 00:58:30,895 basehttp 22967 139790351595200 "GET /static/rest_framework/js/bootstrap.min.js HTTP/1.1" 200 39680
INFO 2026-01-23 00:58:31,123 basehttp 22967 139790341105344 "GET /static/rest_framework/js/load-ajax-form.js HTTP/1.1" 200 59
INFO 2026-01-23 00:58:31,124 basehttp 22967 139790095734464 "GET /static/rest_framework/js/default.js HTTP/1.1" 200 1268
INFO 2026-01-23 00:58:31,191 basehttp 22967 139790104127168 "GET /static/rest_framework/img/grid.png HTTP/1.1" 200 1458
INFO 2026-01-23 00:58:45,758 basehttp 22967 139790104127168 "OPTIONS /api/v1/ai/ HTTP/1.1" 200 20314
INFO 2026-01-23 00:58:45,974 basehttp 22967 139790104127168 "GET /__debug__/history_sidebar/?request_id=4c33ba268691487297b3322d8d3f53c6 HTTP/1.1" 200 11333
INFO 2026-01-23 00:58:47,904 basehttp 22967 139790104127168 "OPTIONS /api/v1/ai/ HTTP/1.1" 200 20313
INFO 2026-01-23 00:58:48,118 basehttp 22967 139790104127168 "GET /__debug__/history_sidebar/?request_id=64e7fd312e3c461faebc359bc8e3b8eb HTTP/1.1" 200 11332
INFO 2026-01-23 00:58:48,160 basehttp 22967 139790341105344 "GET /__debug__/history_sidebar/?request_id=64e7fd312e3c461faebc359bc8e3b8eb HTTP/1.1" 200 11332
INFO 2026-01-23 00:58:48,839 basehttp 22967 139790341105344 "OPTIONS /api/v1/ai/ HTTP/1.1" 200 20313
INFO 2026-01-23 00:58:49,055 basehttp 22967 139790341105344 "GET /__debug__/history_sidebar/?request_id=e929b1453ba94556b1b1cc92c452afc6 HTTP/1.1" 200 11332
INFO 2026-01-23 00:58:49,100 basehttp 22967 139790341105344 "GET /__debug__/history_sidebar/?request_id=e929b1453ba94556b1b1cc92c452afc6 HTTP/1.1" 200 11332
INFO 2026-01-23 00:58:49,157 basehttp 22967 139790104127168 "GET /__debug__/history_sidebar/?request_id=e929b1453ba94556b1b1cc92c452afc6 HTTP/1.1" 200 11332
INFO 2026-01-23 00:58:51,104 basehttp 22967 139790104127168 "OPTIONS /api/v1/ai/ HTTP/1.1" 200 20313
INFO 2026-01-23 00:58:51,320 basehttp 22967 139790104127168 "GET /__debug__/history_sidebar/?request_id=cd9d489ab63d48d292de5b75fa5d4635 HTTP/1.1" 200 11332
INFO 2026-01-23 00:58:51,355 basehttp 22967 139790104127168 "GET /__debug__/history_sidebar/?request_id=cd9d489ab63d48d292de5b75fa5d4635 HTTP/1.1" 200 11332
INFO 2026-01-23 00:58:51,406 basehttp 22967 139790341105344 "GET /__debug__/history_sidebar/?request_id=cd9d489ab63d48d292de5b75fa5d4635 HTTP/1.1" 200 11332
INFO 2026-01-23 00:58:51,421 basehttp 22967 139790341105344 "GET /__debug__/history_sidebar/?request_id=cd9d489ab63d48d292de5b75fa5d4635 HTTP/1.1" 200 11332
INFO 2026-01-23 00:58:52,296 basehttp 22967 139790341105344 "GET /api/v1/ai/ HTTP/1.1" 200 20410
INFO 2026-01-23 21:21:10,082 autoreload 11846 139658040102976 Watching for file changes with StatReloader
WARNING 2026-01-23 21:28:20,388 basehttp 11846 139657822074560 "GET /favicon.ico HTTP/1.1" 404 19867
WARNING 2026-01-23 21:30:02,549 basehttp 11846 139657822074560 "GET /redoc/ HTTP/1.1" 404 19845
INFO 2026-01-23 21:30:02,648 basehttp 11846 139657822074560 "GET /static/debug_toolbar/css/toolbar.css HTTP/1.1" 304 0
INFO 2026-01-23 21:30:02,713 basehttp 11846 139657822074560 "GET /static/debug_toolbar/js/toolbar.js HTTP/1.1" 304 0
INFO 2026-01-23 21:30:02,729 basehttp 11846 139657812633280 "GET /static/debug_toolbar/css/print.css HTTP/1.1" 304 0
INFO 2026-01-23 21:30:03,030 basehttp 11846 139657812633280 "GET /static/debug_toolbar/js/utils.js HTTP/1.1" 304 0
WARNING 2026-01-23 21:30:15,812 basehttp 11846 139657812633280 "GET /api/v1redoc/ HTTP/1.1" 404 19869
INFO 2026-01-23 21:30:23,173 basehttp 11846 139657812633280 "GET /api/v1/redoc/ HTTP/1.1" 200 15494
INFO 2026-01-23 21:30:28,137 basehttp 11846 139657812633280 "GET /api/v1/schema/ HTTP/1.1" 200 357630
INFO 2026-01-23 21:30:58,901 basehttp 11846 139657812633280 "GET /api/v1/schema/ HTTP/1.1" 200 357630
INFO 2026-01-23 21:31:06,826 basehttp 11846 139657812633280 "GET /api/v1/docs/ HTTP/1.1" 200 19413
INFO 2026-01-23 21:31:13,219 basehttp 11846 139657812633280 "GET /api/v1/schema/ HTTP/1.1" 200 797363
INFO 2026-01-23 21:32:18,802 basehttp 11846 139657812633280 "GET /api/v1/docs/ HTTP/1.1" 200 19415
INFO 2026-01-23 21:32:28,162 basehttp 11846 139657812633280 "GET /api/v1/schema/ HTTP/1.1" 200 797363
WARNING 2026-01-23 21:34:08,705 basehttp 11846 139657812633280 "GET /api/v1 HTTP/1.1" 404 19845
INFO 2026-01-23 21:34:36,837 basehttp 11846 139657812633280 "GET /api/v1/schema/ HTTP/1.1" 200 357630
INFO 2026-01-23 21:55:08,316 basehttp 11846 139657812633280 "GET /api/v1/redoc/ HTTP/1.1" 200 15492
INFO 2026-01-23 21:55:21,309 basehttp 11846 139657812633280 "GET /api/v1/schema/ HTTP/1.1" 200 357630
INFO 2026-01-23 21:59:31,422 basehttp 11846 139657812633280 "GET /api/v1/schema/ HTTP/1.1" 200 357630
INFO 2026-01-23 22:02:45,728 basehttp 11846 139657812633280 "GET /api/v1/schema/ HTTP/1.1" 200 357630
INFO 2026-01-23 22:26:38,269 autoreload 12694 140143818833984 Watching for file changes with StatReloader
INFO 2026-01-23 22:27:13,565 basehttp 12694 140143669278400 "GET /api/v1/redoc/ HTTP/1.1" 200 15494
INFO 2026-01-23 22:27:19,471 basehttp 12694 140143669278400 "GET /api/v1/schema/ HTTP/1.1" 200 357630
WARNING 2026-01-23 22:27:29,819 basehttp 12694 140143669278400 "GET /favicon.ico HTTP/1.1" 404 19867
INFO 2026-01-23 22:29:03,267 basehttp 12694 140143669278400 "GET /api/v1/redoc/ HTTP/1.1" 200 15490
INFO 2026-01-23 22:29:06,442 basehttp 12694 140143669278400 "GET /api/v1/schema/ HTTP/1.1" 200 357630
INFO 2026-01-23 22:29:18,631 basehttp 12694 140143574906560 "GET /api/v1/redoc/ HTTP/1.1" 200 15489
INFO 2026-01-23 22:29:19,581 basehttp 12694 140143566513856 "GET /static/debug_toolbar/js/toolbar.js HTTP/1.1" 200 14879
INFO 2026-01-23 22:29:19,585 basehttp 12694 140143574906560 "GET /static/debug_toolbar/css/toolbar.css HTTP/1.1" 200 30101
INFO 2026-01-23 22:29:21,670 basehttp 12694 140143574906560 "GET /static/debug_toolbar/css/print.css HTTP/1.1" 200 43
INFO 2026-01-23 22:29:21,693 basehttp 12694 140143558121152 "GET /static/debug_toolbar/js/utils.js HTTP/1.1" 200 4700
INFO 2026-01-23 22:29:25,244 basehttp 12694 140143566513856 "GET /api/v1/schema/ HTTP/1.1" 200 357630
INFO 2026-01-23 22:29:40,470 basehttp 12694 140143566513856 "GET /api/v1/docs HTTP/1.1" 301 0
INFO 2026-01-23 22:29:41,060 basehttp 12694 140143566513856 "GET /api/v1/docs/ HTTP/1.1" 200 19413
INFO 2026-01-23 22:29:41,646 basehttp 12694 140143566513856 "GET /static/debug_toolbar/css/toolbar.css HTTP/1.1" 200 30101
INFO 2026-01-23 22:29:41,648 basehttp 12694 140143549728448 "GET /static/debug_toolbar/js/toolbar.js HTTP/1.1" 200 14879
INFO 2026-01-23 22:29:42,601 basehttp 12694 140143566513856 "GET /static/debug_toolbar/css/print.css HTTP/1.1" 200 43
INFO 2026-01-23 22:29:42,722 basehttp 12694 140143541335744 "GET /static/debug_toolbar/js/utils.js HTTP/1.1" 200 4700
INFO 2026-01-23 22:29:44,231 basehttp 12694 140143549728448 "GET /api/v1/schema/ HTTP/1.1" 200 797363
WARNING 2026-01-23 23:42:18,652 basehttp 12694 140143669278400 "GET /api HTTP/1.1" 404 19864
INFO 2026-01-23 23:44:08,535 basehttp 12694 140143669278400 "GET /api/v1/docs/ HTTP/1.1" 200 19416
INFO 2026-01-23 23:44:12,759 basehttp 12694 140143669278400 "GET /api/v1/schema/ HTTP/1.1" 200 797363
INFO 2026-01-23 23:44:25,729 basehttp 12694 140143669278400 "GET /api/v1/docs HTTP/1.1" 301 0
INFO 2026-01-23 23:44:26,343 basehttp 12694 140143669278400 "GET /api/v1/docs/ HTTP/1.1" 200 19413
INFO 2026-01-23 23:44:29,043 basehttp 12694 140143669278400 "GET /api/v1/schema/ HTTP/1.1" 200 797363
INFO 2026-01-27 20:19:16,566 autoreload 10452 140477875601472 Watching for file changes with StatReloader
WARNING 2026-01-27 20:19:43,280 basehttp 10452 140477726717632 "GET / HTTP/1.1" 404 19834
INFO 2026-01-27 20:19:44,305 basehttp 10452 140477726717632 "GET /static/debug_toolbar/css/toolbar.css HTTP/1.1" 200 30101
INFO 2026-01-27 20:19:44,329 basehttp 10452 140477634438848 "GET /static/debug_toolbar/css/print.css HTTP/1.1" 200 43
INFO 2026-01-27 20:19:44,359 basehttp 10452 140477642831552 "GET /static/debug_toolbar/js/toolbar.js HTTP/1.1" 200 14879
INFO 2026-01-27 20:19:45,348 basehttp 10452 140477634438848 "GET /static/debug_toolbar/js/utils.js HTTP/1.1" 200 4700
WARNING 2026-01-27 20:19:46,329 basehttp 10452 140477634438848 "GET /favicon.ico HTTP/1.1" 404 19894
INFO 2026-01-27 20:19:57,938 basehttp 10452 140477634438848 "GET /api/v1/docs HTTP/1.1" 301 0
INFO 2026-01-27 20:19:59,380 basehttp 10452 140477726717632 "GET /api/v1/docs/ HTTP/1.1" 200 19415
INFO 2026-01-27 20:20:04,660 basehttp 10452 140477726717632 "GET /api/v1/schema/ HTTP/1.1" 200 797363
INFO 2026-01-27 20:26:00,833 autoreload 12800 139654740222016 Watching for file changes with StatReloader
INFO 2026-01-27 20:26:29,146 basehttp 12800 139654592460480 "GET /admin HTTP/1.1" 301 0
INFO 2026-01-27 20:26:29,740 basehttp 12800 139654592460480 "GET /admin/ HTTP/1.1" 302 0
INFO 2026-01-27 20:26:31,972 basehttp 12800 139654592460480 "GET /admin/login/?next=/admin/ HTTP/1.1" 200 18976
INFO 2026-01-27 20:26:32,753 basehttp 12800 139654592460480 "GET /static/admin/css/base.css HTTP/1.1" 200 21544
INFO 2026-01-27 20:26:32,764 basehttp 12800 139654217070272 "GET /static/admin/css/responsive.css HTTP/1.1" 200 17905
INFO 2026-01-27 20:26:32,797 basehttp 12800 139654562039488 "GET /static/admin/css/dark_mode.css HTTP/1.1" 200 2682
INFO 2026-01-27 20:26:32,815 basehttp 12800 139654570432192 "GET /static/admin/js/nav_sidebar.js HTTP/1.1" 200 3063
INFO 2026-01-27 20:26:32,817 basehttp 12800 139654208677568 "GET /static/admin/js/theme.js HTTP/1.1" 200 1943
INFO 2026-01-27 20:26:32,979 basehttp 12800 139654578824896 "GET /static/admin/css/nav_sidebar.css HTTP/1.1" 200 2810
INFO 2026-01-27 20:26:32,981 basehttp 12800 139654200284864 "GET /static/admin/css/login.css HTTP/1.1" 200 958
WARNING 2026-01-27 20:26:44,431 log 12800 139654217070272 Forbidden (Origin checking failed - https://zackary-beneaped-temporarily.ngrok-free.dev does not match any trusted origins.): /admin/login/
WARNING 2026-01-27 20:26:44,501 basehttp 12800 139654217070272 "POST /admin/login/?next=/admin/ HTTP/1.1" 403 17329
INFO 2026-01-27 20:26:53,511 basehttp 12800 139654217070272 "GET /admin/login/?next=/admin/ HTTP/1.1" 200 18972
WARNING 2026-01-27 20:27:05,086 log 12800 139654217070272 Forbidden (Origin checking failed - https://zackary-beneaped-temporarily.ngrok-free.dev does not match any trusted origins.): /admin/login/
WARNING 2026-01-27 20:27:05,141 basehttp 12800 139654217070272 "POST /admin/login/?next=/admin/ HTTP/1.1" 403 17328
INFO 2026-01-27 20:28:11,175 autoreload 13722 140287646765120 Watching for file changes with StatReloader
INFO 2026-01-27 20:28:13,269 basehttp 13722 140287499302592 "GET /admin/login/?next=/admin/ HTTP/1.1" 200 18972
INFO 2026-01-27 20:28:14,312 basehttp 13722 140287485667008 "GET /admin/ HTTP/1.1" 302 0
INFO 2026-01-27 20:28:14,381 basehttp 13722 140287485667008 "GET /admin/login/?next=/admin/ HTTP/1.1" 200 18970
INFO 2026-01-27 20:28:15,325 basehttp 13722 140287485667008 "GET /static/admin/css/base.css HTTP/1.1" 304 0
INFO 2026-01-27 20:28:15,565 basehttp 13722 140287485667008 "GET /static/admin/css/dark_mode.css HTTP/1.1" 304 0
INFO 2026-01-27 20:28:15,641 basehttp 13722 140287485667008 "GET /static/admin/css/nav_sidebar.css HTTP/1.1" 304 0
INFO 2026-01-27 20:28:15,665 basehttp 13722 140287485667008 "GET /static/admin/css/login.css HTTP/1.1" 304 0
INFO 2026-01-27 20:28:15,970 basehttp 13722 140287485667008 "GET /static/admin/css/responsive.css HTTP/1.1" 304 0
INFO 2026-01-27 20:28:15,993 basehttp 13722 140287485667008 "GET /static/debug_toolbar/js/toolbar.js HTTP/1.1" 304 0
INFO 2026-01-27 20:28:15,993 basehttp 13722 140287476225728 "GET /static/debug_toolbar/css/toolbar.css HTTP/1.1" 304 0
INFO 2026-01-27 20:28:16,931 basehttp 13722 140287485667008 "GET /static/admin/js/theme.js HTTP/1.1" 304 0
INFO 2026-01-27 20:28:16,950 basehttp 13722 140287485667008 "GET /static/admin/js/nav_sidebar.js HTTP/1.1" 304 0
INFO 2026-01-27 20:28:17,595 basehttp 13722 140287485667008 "GET /static/debug_toolbar/css/print.css HTTP/1.1" 304 0
INFO 2026-01-27 20:28:18,315 basehttp 13722 140287485667008 "GET /static/debug_toolbar/js/utils.js HTTP/1.1" 304 0
WARNING 2026-01-27 20:28:22,067 log 13722 140287499302592 Forbidden (Origin checking failed - https://zackary-beneaped-temporarily.ngrok-free.dev does not match any trusted origins.): /admin/login/
WARNING 2026-01-27 20:28:22,100 basehttp 13722 140287499302592 "POST /admin/login/?next=/admin/ HTTP/1.1" 403 17328
WARNING 2026-01-27 20:28:24,364 basehttp 13722 140287485667008 "GET /favicon.ico HTTP/1.1" 404 19867
INFO 2026-01-27 20:28:36,538 basehttp 13722 140287485667008 "POST /admin/login/?next=/admin/ HTTP/1.1" 302 0
INFO 2026-01-27 20:28:37,312 basehttp 13722 140287485667008 "GET /admin/ HTTP/1.1" 200 27837
INFO 2026-01-27 20:28:37,507 basehttp 13722 140287485667008 "GET /static/admin/css/dashboard.css HTTP/1.1" 200 441
INFO 2026-01-27 20:28:37,576 basehttp 13722 140287485667008 "GET /static/admin/img/icon-addlink.svg HTTP/1.1" 200 331
INFO 2026-01-27 20:28:37,578 basehttp 13722 140287476225728 "GET /static/admin/img/icon-changelink.svg HTTP/1.1" 200 380
INFO 2026-01-27 20:29:07,921 basehttp 13722 140287499302592 "GET /admin/login/?next=/admin/ HTTP/1.1" 200 18970
WARNING 2026-01-27 20:29:35,217 log 13722 140287499302592 Forbidden (Origin checking failed - https://zackary-beneaped-temporarily.ngrok-free.dev does not match any trusted origins.): /admin/login/
WARNING 2026-01-27 20:29:35,250 basehttp 13722 140287499302592 "POST /admin/login/?next=/admin/ HTTP/1.1" 403 17328
INFO 2026-01-27 20:29:40,382 basehttp 13722 140287499302592 "GET /admin/login/?next=/admin/ HTTP/1.1" 200 18970
INFO 2026-01-27 20:29:47,813 basehttp 13722 140287476225728 "GET /admin/socialaccount/socialtoken/ HTTP/1.1" 200 29118
INFO 2026-01-27 20:29:48,279 basehttp 13722 140287254984384 "GET /static/admin/css/changelists.css HTTP/1.1" 200 6811
INFO 2026-01-27 20:29:48,351 basehttp 13722 140287485667008 "GET /static/admin/js/vendor/xregexp/xregexp.js HTTP/1.1" 200 325171
INFO 2026-01-27 20:29:48,408 basehttp 13722 140287476225728 "GET /static/admin/js/vendor/jquery/jquery.js HTTP/1.1" 200 285314
INFO 2026-01-27 20:29:48,428 basehttp 13722 140287238198976 "GET /static/admin/js/jquery.init.js HTTP/1.1" 200 347
INFO 2026-01-27 20:29:48,606 basehttp 13722 140287229806272 "GET /static/admin/js/core.js HTTP/1.1" 200 6208
INFO 2026-01-27 20:29:48,788 basehttp 13722 140287246591680 "GET /admin/jsi18n/ HTTP/1.1" 200 8985
INFO 2026-01-27 20:29:48,827 basehttp 13722 140287254984384 "GET /static/admin/js/actions.js HTTP/1.1" 200 8067
INFO 2026-01-27 20:29:48,829 basehttp 13722 140287238198976 "GET /static/admin/js/admin/RelatedObjectLookups.js HTTP/1.1" 200 9042
INFO 2026-01-27 20:29:48,909 basehttp 13722 140287229806272 "GET /static/admin/js/urlify.js HTTP/1.1" 200 7887
INFO 2026-01-27 20:29:49,061 basehttp 13722 140287229806272 "GET /static/admin/js/prepopulate.js HTTP/1.1" 200 1531
INFO 2026-01-27 20:29:49,261 basehttp 13722 140287229806272 "GET /static/admin/js/filters.js HTTP/1.1" 200 978
INFO 2026-01-27 20:29:49,261 basehttp 13722 140287485667008 "GET /static/admin/img/icon-viewlink.svg HTTP/1.1" 200 581
INFO 2026-01-27 20:29:49,286 basehttp 13722 140287485667008 "GET /static/admin/img/tooltag-add.svg HTTP/1.1" 200 331
INFO 2026-01-27 20:29:55,755 basehttp 13722 140287485667008 "GET /admin/django_celery_results/groupresult/ HTTP/1.1" 200 29077
INFO 2026-01-27 20:29:56,023 basehttp 13722 140287485667008 "GET /admin/jsi18n/ HTTP/1.1" 200 8985
INFO 2026-01-27 20:29:56,316 basehttp 13722 140287485667008 "GET /static/admin/img/search.svg HTTP/1.1" 200 458
INFO 2026-01-27 20:29:58,833 basehttp 13722 140287485667008 "GET /admin/auth/group/ HTTP/1.1" 200 27799
INFO 2026-01-27 20:29:59,249 basehttp 13722 140287485667008 "GET /admin/jsi18n/ HTTP/1.1" 200 8985
INFO 2026-01-27 20:30:03,539 basehttp 13722 140287485667008 "GET /admin/django_celery_beat/crontabschedule/ HTTP/1.1" 200 27548
INFO 2026-01-27 20:30:03,691 basehttp 13722 140287485667008 "GET /admin/jsi18n/ HTTP/1.1" 200 8985
INFO 2026-01-27 20:30:06,678 basehttp 13722 140287485667008 "GET /admin/django_celery_beat/intervalschedule/ HTTP/1.1" 200 27561
INFO 2026-01-27 20:30:06,936 basehttp 13722 140287485667008 "GET /admin/jsi18n/ HTTP/1.1" 200 8985
INFO 2026-01-27 20:30:32,102 basehttp 13722 140287485667008 "POST /admin/logout/ HTTP/1.1" 200 18368
INFO 2026-01-27 20:35:00,917 basehttp 13722 140287485667008 "GET /admin/ HTTP/1.1" 302 0
INFO 2026-01-27 20:35:01,006 basehttp 13722 140287485667008 "GET /admin/login/?next=/admin/ HTTP/1.1" 200 18970
INFO 2026-01-27 20:35:06,167 basehttp 13722 140287485667008 "POST /admin/login/?next=/admin/ HTTP/1.1" 302 0
INFO 2026-01-27 20:35:06,398 basehttp 13722 140287485667008 "GET /admin/ HTTP/1.1" 200 27835
INFO 2026-01-27 20:36:59,626 basehttp 13722 140287485667008 "GET /admin/sites/site/ HTTP/1.1" 200 29522
INFO 2026-01-27 20:36:59,882 basehttp 13722 140287485667008 "GET /admin/jsi18n/ HTTP/1.1" 200 8985
INFO 2026-01-27 20:37:00,366 basehttp 13722 140287485667008 "GET /static/admin/img/sorting-icons.svg HTTP/1.1" 200 1097
INFO 2026-01-27 20:37:07,552 basehttp 13722 140287485667008 "GET /admin/django_celery_results/taskresult/ HTTP/1.1" 200 29800
INFO 2026-01-27 20:37:07,724 basehttp 13722 140287485667008 "GET /admin/jsi18n/ HTTP/1.1" 200 8985
INFO 2026-01-27 20:37:12,916 basehttp 13722 140287485667008 "GET /admin/sites/site/ HTTP/1.1" 200 29522
INFO 2026-01-27 20:37:13,094 basehttp 13722 140287485667008 "GET /admin/jsi18n/ HTTP/1.1" 200 8985
INFO 2026-01-27 20:48:12,043 basehttp 13722 140287485667008 "GET /admin/account/emailaddress/ HTTP/1.1" 200 28767
INFO 2026-01-27 20:48:14,283 basehttp 13722 140287485667008 "GET /admin/jsi18n/ HTTP/1.1" 200 8985
INFO 2026-01-27 20:48:23,502 basehttp 13722 140287485667008 "GET /admin/socialaccount/socialapp/ HTTP/1.1" 200 27567
INFO 2026-01-27 20:48:23,675 basehttp 13722 140287485667008 "GET /admin/jsi18n/ HTTP/1.1" 200 8985
INFO 2026-01-27 20:48:27,690 basehttp 13722 140287485667008 "GET /admin/socialaccount/socialtoken/ HTTP/1.1" 200 29115
INFO 2026-01-27 20:48:27,807 basehttp 13722 140287485667008 "GET /admin/jsi18n/ HTTP/1.1" 200 8985
INFO 2026-01-27 20:48:31,664 basehttp 13722 140287485667008 "GET /admin/authtoken/tokenproxy/ HTTP/1.1" 200 27910
INFO 2026-01-27 20:48:34,020 basehttp 13722 140287485667008 "GET /admin/django_celery_beat/intervalschedule/ HTTP/1.1" 200 27560
INFO 2026-01-27 20:48:34,128 basehttp 13722 140287485667008 "GET /admin/jsi18n/ HTTP/1.1" 200 8985
INFO 2026-01-27 20:48:36,492 basehttp 13722 140287485667008 "GET /admin/django_celery_beat/crontabschedule/ HTTP/1.1" 200 27547
INFO 2026-01-27 20:48:36,644 basehttp 13722 140287485667008 "GET /admin/jsi18n/ HTTP/1.1" 200 8985
INFO 2026-01-27 20:49:57,984 autoreload 13722 140287646765120 /home/shadowcode/Bureau/mangaverse/mangaverseBack/apps/webtoon/admin.py changed, reloading.
INFO 2026-01-27 20:50:45,608 autoreload 20221 139895568674880 Watching for file changes with StatReloader
INFO 2026-01-27 20:53:41,127 autoreload 20221 139895568674880 /home/shadowcode/Bureau/mangaverse/mangaverseBack/apps/webtoon/admin.py changed, reloading.
INFO 2026-01-27 20:54:08,098 autoreload 21210 140625047904320 Watching for file changes with StatReloader
INFO 2026-01-27 20:54:14,314 autoreload 21210 140625047904320 /home/shadowcode/Bureau/mangaverse/mangaverseBack/apps/webtoon/admin.py changed, reloading.
INFO 2026-01-27 20:54:16,656 autoreload 21453 140339181207616 Watching for file changes with StatReloader
INFO 2026-01-27 20:54:31,705 autoreload 21453 140339181207616 /home/shadowcode/Bureau/mangaverse/mangaverseBack/apps/webtoon/admin.py changed, reloading.
INFO 2026-01-27 20:54:33,859 autoreload 21571 140154956185664 Watching for file changes with StatReloader
INFO 2026-01-27 20:56:05,857 autoreload 21571 140154956185664 /home/shadowcode/Bureau/mangaverse/mangaverseBack/apps/webtoon/admin.py changed, reloading.
INFO 2026-01-27 20:56:08,566 autoreload 22033 140034579619904 Watching for file changes with StatReloader
INFO 2026-01-27 20:56:24,143 autoreload 22033 140034579619904 /home/shadowcode/Bureau/mangaverse/mangaverseBack/apps/webtoon/admin.py changed, reloading.
INFO 2026-01-27 20:56:26,649 autoreload 22160 139903893409856 Watching for file changes with StatReloader
INFO 2026-01-27 20:56:33,394 basehttp 22160 139903744603840 "GET /admin/django_celery_beat/crontabschedule/ HTTP/1.1" 200 28973
INFO 2026-01-27 20:56:33,714 basehttp 22160 139903744603840 "GET /admin/jsi18n/ HTTP/1.1" 200 8985
INFO 2026-01-27 20:56:40,838 basehttp 22160 139903744603840 "GET /admin/webtoon/episode/ HTTP/1.1" 200 29219
INFO 2026-01-27 20:56:41,009 basehttp 22160 139903744603840 "GET /admin/jsi18n/ HTTP/1.1" 200 8985
INFO 2026-01-27 20:56:48,382 basehttp 22160 139903744603840 "GET /admin/webtoon/episode/add/ HTTP/1.1" 200 35072
INFO 2026-01-27 20:56:48,489 basehttp 22160 139903657572032 "GET /static/admin/js/inlines.js HTTP/1.1" 200 15526
INFO 2026-01-27 20:56:48,527 basehttp 22160 139903744603840 "GET /admin/jsi18n/ HTTP/1.1" 200 8985
INFO 2026-01-27 20:56:48,684 basehttp 22160 139903657572032 "GET /static/admin/css/forms.css HTTP/1.1" 200 9090
INFO 2026-01-27 20:56:48,756 basehttp 22160 139903744603840 "GET /static/admin/js/prepopulate_init.js HTTP/1.1" 200 586
INFO 2026-01-27 20:56:49,065 basehttp 22160 139903744603840 "GET /static/admin/css/widgets.css HTTP/1.1" 200 11800
INFO 2026-01-27 20:56:49,144 basehttp 22160 139903744603840 "GET /static/admin/js/change_form.js HTTP/1.1" 200 606
INFO 2026-01-27 20:56:49,865 basehttp 22160 139903744603840 "GET /static/admin/img/inline-delete.svg HTTP/1.1" 200 560
INFO 2026-01-27 20:57:23,159 basehttp 22160 139903744603840 "GET /admin/webtoon/episode/ HTTP/1.1" 200 29217
INFO 2026-01-27 20:57:23,589 basehttp 22160 139903744603840 "GET /admin/jsi18n/ HTTP/1.1" 200 8985
INFO 2026-01-27 20:57:27,147 basehttp 22160 139903744603840 "GET /admin/webtoon/panel/ HTTP/1.1" 200 28873
INFO 2026-01-27 20:57:27,290 basehttp 22160 139903744603840 "GET /admin/jsi18n/ HTTP/1.1" 200 8985
INFO 2026-01-27 20:57:31,458 basehttp 22160 139903744603840 "GET /admin/webtoon/panel/add/ HTTP/1.1" 200 31972
INFO 2026-01-27 20:57:31,611 basehttp 22160 139903744603840 "GET /admin/jsi18n/ HTTP/1.1" 200 8985
INFO 2026-01-27 20:58:13,876 basehttp 22160 139903657572032 "GET /admin/webtoon/episode/add/?_to_field=id&_popup=1 HTTP/1.1" 200 24597
INFO 2026-01-27 20:58:14,536 basehttp 22160 139903657572032 "GET /admin/jsi18n/ HTTP/1.1" 200 8985
INFO 2026-01-27 21:02:39,829 autoreload 22160 139903893409856 /home/shadowcode/Bureau/mangaverse/mangaverseBack/apps/users/admin.py changed, reloading.
INFO 2026-01-27 21:03:31,954 autoreload 24098 140329805897792 Watching for file changes with StatReloader
INFO 2026-01-27 21:03:48,572 autoreload 24098 140329805897792 /home/shadowcode/Bureau/mangaverse/mangaverseBack/apps/users/admin.py changed, reloading.
INFO 2026-01-27 21:03:51,162 autoreload 24514 140591940354112 Watching for file changes with StatReloader
INFO 2026-01-27 21:04:12,018 autoreload 24514 140591940354112 /home/shadowcode/Bureau/mangaverse/mangaverseBack/apps/users/admin.py changed, reloading.
INFO 2026-01-27 21:04:14,394 autoreload 24652 139721074962496 Watching for file changes with StatReloader
INFO 2026-01-27 21:04:23,939 autoreload 24652 139721074962496 /home/shadowcode/Bureau/mangaverse/mangaverseBack/apps/users/admin.py changed, reloading.
INFO 2026-01-27 21:04:26,512 autoreload 24760 139690418774080 Watching for file changes with StatReloader
INFO 2026-01-27 21:04:31,143 basehttp 24760 139690271307456 "GET /admin/webtoon/panel/add/ HTTP/1.1" 200 33094
INFO 2026-01-27 21:04:31,386 basehttp 24760 139690271307456 "GET /admin/jsi18n/ HTTP/1.1" 200 8985
INFO 2026-01-27 21:05:23,140 basehttp 24760 139690271307456 "GET /admin/users/achievement/ HTTP/1.1" 200 30360
INFO 2026-01-27 21:05:23,455 basehttp 24760 139690271307456 "GET /admin/jsi18n/ HTTP/1.1" 200 8985
INFO 2026-01-27 21:05:29,297 basehttp 24760 139690271307456 "GET /admin/users/achievement/add/ HTTP/1.1" 200 32614
INFO 2026-01-27 21:05:29,432 basehttp 24760 139690271307456 "GET /admin/jsi18n/ HTTP/1.1" 200 8985
INFO 2026-01-27 21:05:45,000 basehttp 24760 139690271307456 "GET /admin/users/level/ HTTP/1.1" 200 29981
INFO 2026-01-27 21:05:45,146 basehttp 24760 139690271307456 "GET /admin/jsi18n/ HTTP/1.1" 200 8985
INFO 2026-01-27 21:05:49,173 basehttp 24760 139690271307456 "GET /admin/users/user/ HTTP/1.1" 200 34435
INFO 2026-01-27 21:05:49,282 basehttp 24760 139690271307456 "GET /admin/jsi18n/ HTTP/1.1" 200 8985
INFO 2026-01-27 21:05:49,559 basehttp 24760 139690271307456 "GET /static/admin/img/icon-yes.svg HTTP/1.1" 200 436
INFO 2026-01-27 21:17:57,716 autoreload 24760 139690418774080 /home/shadowcode/Bureau/mangaverse/mangaverseBack/apps/social/admin.py changed, reloading.
INFO 2026-01-27 21:18:25,770 autoreload 28577 140547168124992 Watching for file changes with StatReloader
INFO 2026-01-27 21:18:48,945 autoreload 28577 140547168124992 /home/shadowcode/Bureau/mangaverse/mangaverseBack/apps/social/admin.py changed, reloading.
INFO 2026-01-27 21:18:51,604 autoreload 28902 140605670977600 Watching for file changes with StatReloader
INFO 2026-01-27 21:19:02,906 autoreload 28902 140605670977600 /home/shadowcode/Bureau/mangaverse/mangaverseBack/apps/social/admin.py changed, reloading.
INFO 2026-01-27 21:19:04,353 autoreload 28998 140568808951872 Watching for file changes with StatReloader
INFO 2026-01-27 21:31:07,184 autoreload 32398 140267747991616 Watching for file changes with StatReloader
INFO 2026-01-27 21:36:10,165 autoreload 32398 140267747991616 /home/shadowcode/Bureau/mangaverse/mangaverseBack/apps/social/models.py changed, reloading.
INFO 2026-01-27 21:36:40,479 autoreload 33835 140694181457984 Watching for file changes with StatReloader
INFO 2026-01-27 21:37:12,515 autoreload 33835 140694181457984 /home/shadowcode/Bureau/mangaverse/mangaverseBack/apps/social/models.py changed, reloading.
INFO 2026-01-27 21:37:19,304 autoreload 34221 140686404898880 Watching for file changes with StatReloader
INFO 2026-01-27 21:37:57,515 autoreload 34221 140686404898880 /home/shadowcode/Bureau/mangaverse/mangaverseBack/apps/social/admin.py changed, reloading.
INFO 2026-01-27 21:38:01,306 autoreload 34505 139867688853568 Watching for file changes with StatReloader
INFO 2026-01-27 21:39:18,873 autoreload 34505 139867688853568 /home/shadowcode/Bureau/mangaverse/mangaverseBack/apps/social/admin.py changed, reloading.
INFO 2026-01-27 21:39:21,361 autoreload 35007 140044707541056 Watching for file changes with StatReloader
INFO 2026-01-27 21:39:31,257 autoreload 35007 140044707541056 /home/shadowcode/Bureau/mangaverse/mangaverseBack/apps/social/admin.py changed, reloading.
INFO 2026-01-27 21:39:33,868 autoreload 35095 139768176242752 Watching for file changes with StatReloader
INFO 2026-01-27 21:39:48,117 autoreload 35095 139768176242752 /home/shadowcode/Bureau/mangaverse/mangaverseBack/apps/social/admin.py changed, reloading.
INFO 2026-01-27 21:39:50,870 autoreload 35219 140432885362752 Watching for file changes with StatReloader
INFO 2026-01-27 21:44:15,654 autoreload 35219 140432885362752 /home/shadowcode/Bureau/mangaverse/mangaverseBack/apps/social/admin.py changed, reloading.
INFO 2026-01-27 21:44:38,307 autoreload 36441 140212971864128 Watching for file changes with StatReloader
INFO 2026-01-27 21:45:46,100 basehttp 36441 140212755756736 "GET /admin/users/user/ HTTP/1.1" 200 36157
INFO 2026-01-27 21:45:48,913 basehttp 36441 140212755756736 "GET /admin/jsi18n/ HTTP/1.1" 200 8985
INFO 2026-01-27 21:47:46,853 basehttp 36441 140212755756736 "GET /admin/social/mention/ HTTP/1.1" 200 32048
INFO 2026-01-27 21:47:47,804 basehttp 36441 140212755756736 "GET /admin/jsi18n/ HTTP/1.1" 200 8985
INFO 2026-01-27 21:47:55,493 basehttp 36441 140212755756736 "GET /admin/social/feedpost/add/ HTTP/1.1" 200 34250
INFO 2026-01-27 21:47:55,738 basehttp 36441 140212755756736 "GET /admin/jsi18n/ HTTP/1.1" 200 8985
INFO 2026-01-27 21:48:11,920 basehttp 36441 140212755756736 "GET /admin/social/feedpost/ HTTP/1.1" 200 33191
INFO 2026-01-27 21:48:12,230 basehttp 36441 140212755756736 "GET /admin/jsi18n/ HTTP/1.1" 200 8985
INFO 2026-01-27 21:48:18,021 basehttp 36441 140212755756736 "GET /admin/social/share/ HTTP/1.1" 200 32031
INFO 2026-01-27 21:48:18,132 basehttp 36441 140212755756736 "GET /admin/jsi18n/ HTTP/1.1" 200 8985
INFO 2026-01-27 22:03:32,679 autoreload 36441 140212971864128 /home/shadowcode/Bureau/mangaverse/mangaverseBack/apps/notifications/admin.py changed, reloading.
INFO 2026-01-27 22:04:02,951 autoreload 41782 140167489122368 Watching for file changes with StatReloader
INFO 2026-01-27 22:04:12,478 autoreload 41782 140167489122368 /home/shadowcode/Bureau/mangaverse/mangaverseBack/apps/notifications/admin.py changed, reloading.
INFO 2026-01-27 22:04:15,843 autoreload 42015 140078795755584 Watching for file changes with StatReloader
